\BOOKMARK [1][-]{section.1}{\376\377\000M\000o\000t\000i\000v\000a\000t\000i\000o\000n}{}% 1
\BOOKMARK [1][-]{section.2}{\376\377\000T\000h\000e\000\040\000A\000l\000g\000o\000r\000i\000t\000h\000m}{}% 2
\BOOKMARK [2][-]{subsection.2.1}{\376\377\000C\000o\000r\000e\000\040\000I\000d\000e\000n\000t\000i\000t\000y}{section.2}% 3
\BOOKMARK [2][-]{subsection.2.2}{\376\377\000U\000n\000n\000o\000r\000m\000a\000l\000i\000z\000e\000d\000\040\000E\000s\000t\000i\000m\000a\000t\000o\000r}{section.2}% 4
\BOOKMARK [2][-]{subsection.2.3}{\376\377\000S\000e\000l\000f\000-\000N\000o\000r\000m\000a\000l\000i\000z\000e\000d\000\040\000E\000s\000t\000i\000m\000a\000t\000o\000r}{section.2}% 5
\BOOKMARK [2][-]{subsection.2.4}{\376\377\000W\000h\000y\000\040\000I\000t\000\040\000W\000o\000r\000k\000s}{section.2}% 6
\BOOKMARK [1][-]{section.3}{\376\377\000E\000f\000f\000e\000c\000t\000i\000v\000e\000\040\000S\000a\000m\000p\000l\000e\000\040\000S\000i\000z\000e}{}% 7
\BOOKMARK [1][-]{section.4}{\376\377\000I\000m\000p\000l\000e\000m\000e\000n\000t\000a\000t\000i\000o\000n\000\040\000i\000n\000\040\000R}{}% 8
\BOOKMARK [2][-]{subsection.4.1}{\376\377\000E\000x\000a\000m\000p\000l\000e\000\040\0001\000:\000\040\000B\000e\000t\000a\000\050\0005\000,\0002\000\051\000\040\000v\000i\000a\000\040\000U\000n\000i\000f\000o\000r\000m\000\050\0000\000,\0001\000\051}{section.4}% 9
\BOOKMARK [2][-]{subsection.4.2}{\376\377\000E\000x\000a\000m\000p\000l\000e\000\040\0002\000:\000\040\000R\000a\000r\000e\000-\000E\000v\000e\000n\000t\000\040\000E\000s\000t\000i\000m\000a\000t\000i\000o\000n\040\024\000P\000\050\000X\000\040\000>\000\040\0004\000\051}{section.4}% 10
\BOOKMARK [2][-]{subsection.4.3}{\376\377\000E\000x\000a\000m\000p\000l\000e\000\040\0003\000:\000\040\000G\000o\000o\000d\000\040\000v\000s\000.\000\040\000B\000a\000d\000\040\000P\000r\000o\000p\000o\000s\000a\000l\000s}{section.4}% 11
\BOOKMARK [2][-]{subsection.4.4}{\376\377\000F\000i\000g\000u\000r\000e\000\040\0004\000:\000\040\000E\000S\000S\000\040\000v\000s\000.\000\040\000P\000r\000o\000p\000o\000s\000a\000l\000\040\000M\000i\000s\000m\000a\000t\000c\000h}{section.4}% 12
\BOOKMARK [2][-]{subsection.4.5}{\376\377\000F\000i\000g\000u\000r\000e\000\040\0005\000:\000\040\000S\000t\000e\000p\000-\000b\000y\000-\000S\000t\000e\000p\000\040\000V\000i\000s\000u\000a\000l\000i\000z\000a\000t\000i\000o\000n}{section.4}% 13
\BOOKMARK [1][-]{section.5}{\376\377\000T\000h\000e\000\040\0002\000D\000\040\000P\000i\000c\000t\000u\000r\000e\000:\000\040\000C\000o\000n\000t\000o\000u\000r\000\040\000V\000i\000s\000u\000a\000l\000i\000z\000a\000t\000i\000o\000n}{}% 14
\BOOKMARK [1][-]{section.6}{\376\377\000W\000h\000e\000r\000e\000\040\000I\000m\000p\000o\000r\000t\000a\000n\000c\000e\000\040\000S\000a\000m\000p\000l\000i\000n\000g\000\040\000F\000a\000i\000l\000s}{}% 15
\BOOKMARK [2][-]{subsection.6.1}{\376\377\000F\000a\000i\000l\000u\000r\000e\000\040\000M\000o\000d\000e\000:\000\040\000I\000n\000f\000i\000n\000i\000t\000e\000\040\000V\000a\000r\000i\000a\000n\000c\000e\000\040\000\050\000L\000i\000g\000h\000t\000-\000T\000a\000i\000l\000e\000d\000\040\000P\000r\000o\000p\000o\000s\000a\000l\000\051}{section.6}% 16
\BOOKMARK [1][-]{section.7}{\376\377\000S\000a\000m\000p\000l\000i\000n\000g\000\040\000I\000m\000p\000o\000r\000t\000a\000n\000c\000e\000\040\000R\000e\000s\000a\000m\000p\000l\000i\000n\000g\000\040\000\050\000S\000I\000R\000\051}{}% 17
\BOOKMARK [2][-]{subsection.7.1}{\376\377\000T\000h\000e\000\040\000S\000I\000R\000\040\000A\000l\000g\000o\000r\000i\000t\000h\000m}{section.7}% 18
\BOOKMARK [2][-]{subsection.7.2}{\376\377\000W\000h\000y\000\040\000I\000t\000\040\000W\000o\000r\000k\000s}{section.7}% 19
\BOOKMARK [2][-]{subsection.7.3}{\376\377\000C\000o\000d\000e\000\040\000W\000a\000l\000k\000t\000h\000r\000o\000u\000g\000h}{section.7}% 20
\BOOKMARK [2][-]{subsection.7.4}{\376\377\000H\000o\000w\000\040\000M\000a\000n\000y\000\040\000R\000e\000s\000a\000m\000p\000l\000e\000s\000?}{section.7}% 21
\BOOKMARK [1][-]{section.8}{\376\377\000C\000o\000m\000p\000a\000r\000i\000s\000o\000n\000\040\000w\000i\000t\000h\000\040\000R\000e\000j\000e\000c\000t\000i\000o\000n\000\040\000S\000a\000m\000p\000l\000i\000n\000g}{}% 22
\BOOKMARK [1][-]{section.9}{\376\377\000K\000e\000y\000\040\000T\000a\000k\000e\000a\000w\000a\000y\000s}{}% 23
